<?xml version="1.0" encoding="UTF-8"?>
<testsuite name="pf.AppTest" tests="1" skipped="0" failures="0" errors="0" timestamp="2025-09-15T08:12:16.530Z" hostname="miage-211-004.dmiage.parisnanterre.fr" time="0.008">
  <properties/>
  <testcase name="appHasAGreeting()" classname="pf.AppTest" time="0.008"/>
  <system-out><![CDATA[]]></system-out>
  <system-err><![CDATA[]]></system-err>
</testsuite>
